C:\USERS\ROMAIN\DESKTOP\ENERDRONE-DIST\BIN\OBJ\WIN32\RELEASE\MOC_WINDOW_MAIN.OBJ
C:\USERS\ROMAIN\DESKTOP\ENERDRONE-DIST\BIN\OBJ\WIN32\RELEASE\MOC_WINDOW_DRONECAMERA.OBJ
C:\USERS\ROMAIN\DESKTOP\ENERDRONE-DIST\BIN\OBJ\WIN32\RELEASE\MOC_CONTROLLER.OBJ
C:\USERS\ROMAIN\DESKTOP\ENERDRONE-DIST\BIN\OBJ\WIN32\RELEASE\WINDOW_MAIN.OBJ
C:\USERS\ROMAIN\DESKTOP\ENERDRONE-DIST\BIN\OBJ\WIN32\RELEASE\WINDOW_DRONECAMERA.OBJ
C:\USERS\ROMAIN\DESKTOP\ENERDRONE-DIST\BIN\OBJ\WIN32\RELEASE\MAIN.OBJ
C:\USERS\ROMAIN\DESKTOP\ENERDRONE-DIST\BIN\OBJ\WIN32\RELEASE\CONTROLLER.OBJ
C:\USERS\ROMAIN\DESKTOP\ENERDRONE-DIST\BIN\OBJ\WIN32\RELEASE\VIDEO.OBJ
C:\USERS\ROMAIN\DESKTOP\ENERDRONE-DIST\BIN\OBJ\WIN32\RELEASE\VERSION.OBJ
C:\USERS\ROMAIN\DESKTOP\ENERDRONE-DIST\BIN\OBJ\WIN32\RELEASE\UDP.OBJ
C:\USERS\ROMAIN\DESKTOP\ENERDRONE-DIST\BIN\OBJ\WIN32\RELEASE\TCP.OBJ
C:\USERS\ROMAIN\DESKTOP\ENERDRONE-DIST\BIN\OBJ\WIN32\RELEASE\NAVDATA.OBJ
C:\USERS\ROMAIN\DESKTOP\ENERDRONE-DIST\BIN\OBJ\WIN32\RELEASE\CONFIG.OBJ
C:\USERS\ROMAIN\DESKTOP\ENERDRONE-DIST\BIN\OBJ\WIN32\RELEASE\COMMAND.OBJ
C:\USERS\ROMAIN\DESKTOP\ENERDRONE-DIST\BIN\OBJ\WIN32\RELEASE\ARDRONE.OBJ
C:\USERS\ROMAIN\DESKTOP\ENERDRONE-DIST\BIN\OBJ\WIN32\RELEASE\QRC_WINDOW_MAIN.OBJ
C:\USERS\ROMAIN\DESKTOP\ENERDRONE-DIST\BIN\OBJ\WIN32\RELEASE\QRC_WINDOW_DRONECAMERA.OBJ
C:\USERS\ROMAIN\DESKTOP\ENERDRONE-DIST\BUILD\ENERDRONE\GENERATEDFILES\RELEASE\MOC_CONTROLLER.CPP
C:\USERS\ROMAIN\DESKTOP\ENERDRONE-DIST\BUILD\ENERDRONE\GENERATEDFILES\RELEASE\MOC_WINDOW_MAIN.CPP
C:\USERS\ROMAIN\DESKTOP\ENERDRONE-DIST\BUILD\ENERDRONE\GENERATEDFILES\RELEASE\MOC_WINDOW_DRONECAMERA.CPP
C:\USERS\ROMAIN\DESKTOP\ENERDRONE-DIST\BUILD\ENERDRONE\GENERATEDFILES\QRC_WINDOW_DRONECAMERA.CPP
C:\USERS\ROMAIN\DESKTOP\ENERDRONE-DIST\BUILD\ENERDRONE\GENERATEDFILES\UI_WINDOW_DRONECAMERA.H
C:\USERS\ROMAIN\DESKTOP\ENERDRONE-DIST\BUILD\ENERDRONE\GENERATEDFILES\QRC_WINDOW_MAIN.CPP
C:\USERS\ROMAIN\DESKTOP\ENERDRONE-DIST\BUILD\ENERDRONE\GENERATEDFILES\UI_WINDOW_MAIN.H
C:\USERS\ROMAIN\DESKTOP\ENERDRONE-DIST\BIN\WIN32\RELEASE\ENERDRONE.EXE
C:\Users\Romain\Desktop\EnerDrone-dist\bin\obj\Win32\Release\ardrone.obj
C:\Users\Romain\Desktop\EnerDrone-dist\bin\obj\Win32\Release\command.obj
C:\Users\Romain\Desktop\EnerDrone-dist\bin\obj\Win32\Release\config.obj
C:\Users\Romain\Desktop\EnerDrone-dist\bin\obj\Win32\Release\controller.obj
C:\Users\Romain\Desktop\EnerDrone-dist\bin\obj\Win32\Release\main.obj
C:\Users\Romain\Desktop\EnerDrone-dist\bin\obj\Win32\Release\moc_controller.obj
C:\Users\Romain\Desktop\EnerDrone-dist\bin\obj\Win32\Release\moc_window_dronecamera.obj
C:\Users\Romain\Desktop\EnerDrone-dist\bin\obj\Win32\Release\moc_window_main.obj
C:\Users\Romain\Desktop\EnerDrone-dist\bin\obj\Win32\Release\navdata.obj
C:\Users\Romain\Desktop\EnerDrone-dist\bin\obj\Win32\Release\qrc_window_dronecamera.obj
C:\Users\Romain\Desktop\EnerDrone-dist\bin\obj\Win32\Release\qrc_window_main.obj
C:\Users\Romain\Desktop\EnerDrone-dist\bin\obj\Win32\Release\tcp.obj
C:\Users\Romain\Desktop\EnerDrone-dist\bin\obj\Win32\Release\udp.obj
C:\Users\Romain\Desktop\EnerDrone-dist\bin\obj\Win32\Release\version.obj
C:\Users\Romain\Desktop\EnerDrone-dist\bin\obj\Win32\Release\video.obj
C:\Users\Romain\Desktop\EnerDrone-dist\bin\obj\Win32\Release\window_dronecamera.obj
C:\Users\Romain\Desktop\EnerDrone-dist\bin\obj\Win32\Release\window_main.obj
C:\Users\Romain\Desktop\EnerDrone-dist\bin\obj\Win32\Release\cl.command.1.tlog
C:\Users\Romain\Desktop\EnerDrone-dist\bin\obj\Win32\Release\CL.read.1.tlog
C:\Users\Romain\Desktop\EnerDrone-dist\bin\obj\Win32\Release\CL.write.1.tlog
C:\Users\Romain\Desktop\EnerDrone-dist\bin\obj\Win32\Release\custombuild.command.1.tlog
C:\Users\Romain\Desktop\EnerDrone-dist\bin\obj\Win32\Release\custombuild.read.1.tlog
C:\Users\Romain\Desktop\EnerDrone-dist\bin\obj\Win32\Release\custombuild.write.1.tlog
C:\Users\Romain\Desktop\EnerDrone-dist\bin\obj\Win32\Release\link-cvtres.read.1.tlog
C:\Users\Romain\Desktop\EnerDrone-dist\bin\obj\Win32\Release\link-cvtres.write.1.tlog
C:\Users\Romain\Desktop\EnerDrone-dist\bin\obj\Win32\Release\link-rc.read.1.tlog
C:\Users\Romain\Desktop\EnerDrone-dist\bin\obj\Win32\Release\link-rc.write.1.tlog
C:\Users\Romain\Desktop\EnerDrone-dist\bin\obj\Win32\Release\link.command.1.tlog
C:\Users\Romain\Desktop\EnerDrone-dist\bin\obj\Win32\Release\link.read.1.tlog
C:\Users\Romain\Desktop\EnerDrone-dist\bin\obj\Win32\Release\link.write.1.tlog
C:\Users\Romain\Desktop\EnerDrone-dist\build\EnerDrone\..\..\bin\Win32\Release\EnerDrone.exe
